loginActivity/proguard-rules.pro
# Retrofit 2.X
## https://square.github.io/retrofit/ ##

-dontwarn retrofit2.**
-keep class retrofit2.** { *; }
-keepattributes Signature
-keepattributes Exceptions

-keepclasseswithmembers class * {
    @retrofit2.http.* <methods>;
}
-dontwarn sun.misc.**

-keepclassmembers class rx.internal.util.unsafe.*ArrayQueue*Field* {
    long producerIndex;
    long consumerIndex;
 }

-keepclassmembers class rx.internal.util.unsafe.BaseLinkedQueueProducerNodeRef {
    rx.internal.util.atomic.LinkedQueueNode producerNode;
 }

-keepclassmembers class rx.internal.util.unsafe.BaseLinkedQueueConsumerNodeRef {
   rx.internal.util.atomic.LinkedQueueNode consumerNode;
 }

-dontwarn rx.internal.util.**




# Proguard configuration for Jackson 2.x (fasterxml package instead of codehaus package)

-keep class com.fasterxml.jackson.databind.ObjectMapper {
    public <methods>;
    protected <methods>;
}
-keep class com.fasterxml.jackson.databind.ObjectWriter {
    public ** writeValueAsString(**);
}
-keepclasseswithmembers class com.fasterxml.jackson.** { *; }

-keepclassmembers public class * {
     @com.fasterxml.jackson.annotation.JsonCreator *;
     @com.fasterxml.jackson.annotation.JsonProperty *;
}

-keep class com.anubis.phlix.models.** {*;}

-dontwarn com.fasterxml.jackson.**

# OkHttp
-keepattributes Signature
-keepattributes *Annotation*
-keep class okhttp3.** { *; }
-keep interface okhttp3.** { *; }
-dontwarn okhttp3.**

-dontwarn okio.**


## Square Picasso specific rules ##
## https://square.github.io/picasso/ ##

-dontwarn com.squareup.okhttp.**



# Proguard Configuration for Realm (http://realm.io)
# For detailed discussion see: https://groups.google.com/forum/#!topic/realm-java/umqKCc50JGU
# Additionally you need to keep your Realm Model classes as well
# For example:
# -keep class com.yourcompany.realm.** { *; }


-keep class io.realm.annotations.RealmModule
-keep @io.realm.annotations.RealmModule class *
-keep class io.realm.internal.Keep
-keep @io.realm.internal.Keep class *
-dontwarn javax.**
-dontwarn io.realm.**
-keep class com.anubis.phlix.realm.** { *; }

# Hide warnings about references to newer platforms in the library
-dontwarn android.support.v7.**
# don't process support library
-keep class android.support.v7.** { *; }
-keep interface android.support.v7.** { *; }

-assumenosideeffects class android.util.Log {
    public static boolean isLoggable(java.lang.String, int);
    public static int v(...);
    public static int i(...);
    public static int w(...);
    public static int d(...);
    public static int e(...);
}

-keep class org.ocpsoft.prettytime.i18n.**

-keepnames class * { *; }