loginActivity/build/outputs/mapping/release/mapping.txt
com.anubis.flickr.service.FlickrService -> com.anubis.flickr.service.FlickrService:
    rx.Observable testLogin() -> testLogin
    rx.Observable getFriendsPhotos(java.lang.String) -> getFriendsPhotos
    rx.Observable getMyPhotos(java.lang.String) -> getMyPhotos
    rx.Observable getInterestingPhotos(java.lang.String) -> getInterestingPhotos
    rx.Observable getComments(java.lang.String) -> getComments
    rx.Observable getPhotoInfo(java.lang.String) -> getPhotoInfo
    rx.Observable addComment(java.util.Map) -> addComment
    rx.Observable getHotTags() -> getHotTags
    rx.Observable search(java.util.Map) -> search
    rx.Observable commons(java.lang.String) -> commons
    rx.Observable getRecentPhotos() -> getRecentPhotos
    rx.Observable getTags(java.lang.String) -> getTags
    rx.Observable postPhoto(okhttp3.MultipartBody$Part) -> postPhoto
com.anubis.phlix.FlickrClientApp -> com.anubis.phlix.FlickrClientApp:
    com.anubis.phlix.service.FlickrService jacksonService -> jacksonService
    com.anubis.phlix.service.FlickrService defaultService -> defaultService
    android.content.Context context -> context
    void <init>() -> <init>
    android.content.Context getAppContext() -> getAppContext
    com.anubis.phlix.service.FlickrService getJacksonService() -> getJacksonService
    com.anubis.phlix.service.FlickrService getDefaultService() -> getDefaultService
    void setJacksonService(se.akerfeldt.okhttp.signpost.OkHttpOAuthConsumer,java.lang.String) -> setJacksonService
    void setDefaultService(se.akerfeldt.okhttp.signpost.OkHttpOAuthConsumer,java.lang.String) -> setDefaultService
    void onCreate() -> onCreate
com.anubis.phlix.activity.ImageDisplayActivity -> com.anubis.phlix.activity.ImageDisplayActivity:
    android.webkit.WebView wvComments -> wvComments
    co.hkm.soltag.TagContainerLayout mTags -> mTags
    android.widget.EditText etComments -> etComments
    java.lang.String mUid -> mUid
    java.lang.String mContent -> mContent
    java.lang.StringBuilder mBuilder -> mBuilder
    rx.Subscription subscription -> subscription
    rx.Subscription subscription2 -> subscription2
    java.util.Map data -> data
    com.anubis.phlix.models.Photo mPhoto -> mPhoto
    io.realm.Realm pRealm -> pRealm
    android.os.HandlerThread handlerThread -> handlerThread
    void <init>() -> <init>
    void onCreate(android.os.Bundle) -> onCreate
    boolean withinADay(java.util.Date) -> withinADay
    boolean onOptionsItemSelected(android.view.MenuItem) -> onOptionsItemSelected
    void getComments(java.lang.String) -> getComments
    void displayTags(java.lang.String) -> displayTags
    boolean saveComments(java.util.List,java.lang.String) -> saveComments
    void addComment(android.view.View) -> addComment
    void displayComments(android.webkit.WebView,java.util.List) -> displayComments
    void onDestroy() -> onDestroy
    void access$000(com.anubis.phlix.activity.ImageDisplayActivity,android.webkit.WebView,java.util.List) -> access$000
com.anubis.phlix.activity.ImageDisplayActivity$1 -> com.anubis.phlix.activity.ImageDisplayActivity$1:
    com.anubis.phlix.activity.ImageDisplayActivity this$0 -> this$0
    void <init>(com.anubis.phlix.activity.ImageDisplayActivity) -> <init>
    void onCompleted() -> onCompleted
    void onError(java.lang.Throwable) -> onError
    void onNext(com.anubis.phlix.models.Comments) -> onNext
    void onNext(java.lang.Object) -> onNext
com.anubis.phlix.activity.ImageDisplayActivity$2 -> com.anubis.phlix.activity.ImageDisplayActivity$2:
    java.lang.String val$uid -> val$uid
    java.util.List val$cList -> val$cList
    com.anubis.phlix.activity.ImageDisplayActivity this$0 -> this$0
    void <init>(com.anubis.phlix.activity.ImageDisplayActivity,java.lang.String,java.util.List) -> <init>
    void run() -> run
...
android.support.v7.widget.ListPopupWindow$1 -> android.support.v7.widget.ListPopupWindow$1:
    android.support.v7.widget.ListPopupWindow this$0 -> this$0
    void <init>(android.support.v7.widget.ListPopupWindow,android.view.View) -> <init>
    android.support.v7.widget.ListPopupWindow getPopup() -> getPopup
    android.support.v7.view.menu.ShowableListMenu getPopup() -> getPopup
android.support.v7.widget.ListPopupWindow$2 -> android.support.v7.widget.ListPopupWindow$2:
    android.support.v7.widget.ListPopupWindow this$0 -> this$0
    void <init>(android.support.v7.widget.ListPopupWindow) -> <init>
    void run() -> run
android.support.v7.widget.ListPopupWindow$3 -> android.support.v7.widget.ListPopupWindow$3:
    android.support.v7.widget.ListPopupWindow this$0 -> this$0
    void <init>(android.support.v7.widget.ListPopupWindow) -> <init>
    void onItemSelected(android.widget.AdapterView,android.view.View,int,long) -> onItemSelected
    void onNothingSelected(android.widget.AdapterView) -> onNothingSelected
android.support.v7.widget.ListPopupWindow$ListSelectorHider -> android.support.v7.widget.ListPopupWindow$ListSelectorHider:
    android.support.v7.widget.ListPopupWindow this$0 -> this$0
    void <init>(android.support.v7.widget.ListPopupWindow) -> <init>
    void run() -> run
android.support.v7.widget.ListPopupWindow$PopupDataSetObserver -> android.support.v7.widget.ListPopupWindow$PopupDataSetObserver:
    android.support.v7.widget.ListPopupWindow this$0 -> this$0
    void <init>(android.support.v7.widget.ListPopupWindow) -> <init>
    void onChanged() -> onChanged
    void onInvalidated() -> onInvalidated
android.support.v7.widget.ListPopupWindow$PopupScrollListener -> android.support.v7.widget.ListPopupWindow$PopupScrollListener:
    android.support.v7.widget.ListPopupWindow this$0 -> this$0
    void <init>(android.support.v7.widget.ListPopupWindow) -> <init>
    void onScroll(android.widget.AbsListView,int,int,int) -> onScroll
    void onScrollStateChanged(android.widget.AbsListView,int) -> onScrollStateChanged
android.support.v7.widget.ListPopupWindow$PopupTouchInterceptor -> android.support.v7.widget.ListPopupWindow$PopupTouchInterceptor:
    android.support.v7.widget.ListPopupWindow this$0 -> this$0
    void <init>(android.support.v7.widget.ListPopupWindow) -> <init>
    boolean onTouch(android.view.View,android.view.MotionEvent) -> onTouch
android.support.v7.widget.ListPopupWindow$ResizePopupRunnable -> android.support.v7.widget.ListPopupWindow$ResizePopupRunnable:
    android.support.v7.widget.ListPopupWindow this$0 -> this$0
    void <init>(android.support.v7.widget.ListPopupWindow) -> <init>
    void run() -> run