loginActivity/build/outputs/mapping/release/usage.txt
com.anubis.flickr.BuildConfig
com.anubis.flickr.FlickrClientApp
com.anubis.flickr.R
com.anubis.flickr.R$anim
com.anubis.flickr.R$attr
com.anubis.flickr.R$bool
com.anubis.flickr.R$color
com.anubis.flickr.R$dimen
com.anubis.flickr.R$drawable
com.anubis.flickr.R$id
com.anubis.flickr.R$integer
com.anubis.flickr.R$layout
com.anubis.flickr.R$menu
com.anubis.flickr.R$mipmap
com.anubis.flickr.R$string
com.anubis.flickr.R$style
com.anubis.flickr.R$styleable
com.anubis.flickr.R$xml
com.anubis.flickr.activity.ImageDisplayActivity
com.anubis.flickr.activity.ImageDisplayActivity$1
com.anubis.flickr.activity.ImageDisplayActivity$2
com.anubis.flickr.activity.ImageDisplayActivity$3
com.anubis.flickr.activity.LoginActivity
com.anubis.flickr.activity.LoginActivity$1
com.anubis.flickr.activity.PhotosActivity
com.anubis.flickr.activity.PhotosActivity$1
com.anubis.flickr.activity.PhotosActivity$2
com.anubis.flickr.activity.PhotosActivity$MyPagerAdapter
com.anubis.flickr.activity.PreviewPhotoActivity
com.anubis.flickr.activity.PreviewPhotoActivity$1
com.anubis.flickr.activity.PreviewPhotoActivity$2
com.anubis.flickr.activity.PreviewPhotoActivity$3
com.anubis.flickr.adapter.FriendsAdapter
com.anubis.flickr.adapter.FriendsAdapter$OnItemClickListener
com.anubis.flickr.adapter.FriendsAdapter$ViewHolder
com.anubis.flickr.adapter.FriendsAdapter$ViewHolder$1
com.anubis.flickr.adapter.ImageDisplayAdapter
com.anubis.flickr.adapter.ImageDisplayAdapter$OnItemClickListener
com.anubis.flickr.adapter.ImageDisplayAdapter$ViewHolder
com.anubis.flickr.adapter.ImageDisplayAdapter$ViewHolder$1
com.anubis.flickr.adapter.InterestingAdapter
com.anubis.flickr.adapter.InterestingAdapter$OnItemClickListener
com.anubis.flickr.adapter.InterestingAdapter$ViewHolder
com.anubis.flickr.adapter.InterestingAdapter$ViewHolder$1
com.anubis.flickr.adapter.SearchAdapter
com.anubis.flickr.adapter.SearchAdapter$OnItemClickListener
com.anubis.flickr.adapter.SearchAdapter$ViewHolder
com.anubis.flickr.adapter.SearchAdapter$ViewHolder$1
com.anubis.flickr.adapter.SmartFragmentStatePagerAdapter
com.anubis.flickr.adapter.SpacesItemDecoration
com.anubis.flickr.adapter.TagsAdapter
com.anubis.flickr.adapter.TagsAdapter$OnItemClickListener
com.anubis.flickr.adapter.TagsAdapter$ViewHolder
com.anubis.flickr.adapter.TagsAdapter$ViewHolder$1
com.anubis.flickr.fragments.FlickrBaseFragment
com.anubis.flickr.fragments.FlickrBaseFragment$OnPhotoPostedListener
com.anubis.flickr.fragments.FriendsFragment
com.anubis.flickr.fragments.FriendsFragment$1
com.anubis.flickr.fragments.FriendsFragment$2
com.anubis.flickr.fragments.FriendsFragment$3
com.anubis.flickr.fragments.FriendsFragment$4
com.anubis.flickr.fragments.InterestingFragment
com.anubis.flickr.fragments.InterestingFragment$1
com.anubis.flickr.fragments.InterestingFragment$2
com.anubis.flickr.fragments.InterestingFragment$3
com.anubis.flickr.fragments.InterestingFragment$4
com.anubis.flickr.fragments.SearchFragment
com.anubis.flickr.fragments.SearchFragment$1
com.anubis.flickr.fragments.SearchFragment$2
com.anubis.flickr.fragments.SearchFragment$3
com.anubis.flickr.fragments.TagsFragment
com.anubis.flickr.fragments.TagsFragment$1
com.anubis.flickr.fragments.TagsFragment$2
com.anubis.flickr.fragments.TagsFragment$3
com.anubis.flickr.fragments.TagsFragment$4
com.anubis.flickr.listener.EndlessRecyclerViewScrollListener
com.anubis.flickr.models.Comment
com.anubis.flickr.models.Comments
com.anubis.flickr.models.Comments_
com.anubis.flickr.models.Common
com.anubis.flickr.models.Dates
com.anubis.flickr.models.Description
com.anubis.flickr.models.Editability
com.anubis.flickr.models.Hottags
com.anubis.flickr.models.Hottags_
com.anubis.flickr.models.ImageDisplay
com.anubis.flickr.models.Interesting
com.anubis.flickr.models.Notes
com.anubis.flickr.models.Owner
com.anubis.flickr.models.People
com.anubis.flickr.models.Permissions
com.anubis.flickr.models.Photo
com.anubis.flickr.models.PhotoInfo
com.anubis.flickr.models.PhotoInfo_
com.anubis.flickr.models.Photos
...
android.support.v4.widget.DrawerLayout$DrawerLayoutCompatImplApi21:
    332:333:public void configureApplyInsets(android.view.View)
    352:352:public android.graphics.drawable.Drawable getDefaultStatusBarBackground(android.content.Context)
android.support.v4.widget.DrawerLayout$DrawerLayoutCompatImplBase:
    306:306:public void configureApplyInsets(android.view.View)
    325:325:public android.graphics.drawable.Drawable getDefaultStatusBarBackground(android.content.Context)
android.support.v4.widget.DrawerLayout$LayoutParams:
    private static final int FLAG_IS_OPENED
    private static final int FLAG_IS_OPENING
    private static final int FLAG_IS_CLOSING
    2246:2248:public DrawerLayout$LayoutParams(int,int,int)
android.support.v4.widget.DrawerLayout$SimpleDrawerListener
android.support.v4.widget.DrawerLayout$ViewDragCallback:
    2061:2069:DrawerLayout$ViewDragCallback(android.support.v4.widget.DrawerLayout,int)
    2072:2073:public void setDragger(android.support.v4.widget.ViewDragHelper)
    2152:2174:void peekDrawer()
android.support.v4.widget.DrawerLayout$ViewDragCallback$1
android.support.v4.widget.DrawerLayoutCompatApi21:
    31:86:DrawerLayoutCompatApi21()
    38:43:public static void configureApplyInsets(android.view.View)
    78:82:public static android.graphics.drawable.Drawable getDefaultStatusBarBackground(android.content.Context)
android.support.v4.widget.DrawerLayoutCompatApi21$InsetsListener
android.support.v4.widget.DrawerLayoutImpl
android.support.v4.widget.EdgeEffectCompatIcs:
    28:28:EdgeEffectCompatIcs()
android.support.v4.widget.EdgeEffectCompatLollipop:
    22:22:EdgeEffectCompatLollipop()
android.support.v4.widget.ExploreByTouchHelper
android.support.v4.widget.ExploreByTouchHelper$1
android.support.v4.widget.ExploreByTouchHelper$2
android.support.v4.widget.ExploreByTouchHelper$MyNodeProvider
android.support.v4.widget.FocusStrategy
android.support.v4.widget.FocusStrategy$BoundsAdapter
android.support.v4.widget.FocusStrategy$CollectionAdapter
android.support.v4.widget.FocusStrategy$SequentialComparator
android.support.v4.widget.ListPopupWindowCompat
android.support.v4.widget.ListPopupWindowCompat$BaseListPopupWindowImpl
android.support.v4.widget.ListPopupWindowCompat$KitKatListPopupWindowImpl
android.support.v4.widget.ListPopupWindowCompat$ListPopupWindowImpl
android.support.v4.widget.ListPopupWindowCompatKitKat
android.support.v4.widget.ListViewCompat:
    43:43:private ListViewCompat()
android.support.v4.widget.ListViewCompatGingerbread:
    23:23:ListViewCompatGingerbread()
android.support.v4.widget.ListViewCompatKitKat:
    22:22:ListViewCompatKitKat()
android.support.v4.widget.MaterialProgressDrawable
android.support.v4.widget.MaterialProgressDrawable$1
android.support.v4.widget.MaterialProgressDrawable$2
android.support.v4.widget.MaterialProgressDrawable$3
android.support.v4.widget.MaterialProgressDrawable$ProgressDrawableSize
android.support.v4.widget.MaterialProgressDrawable$Ring
android.support.v4.widget.NestedScrollView:
    static final int ANIMATED_SCROLL_GAP
    static final float MAX_SCROLL_FACTOR
    private static final java.lang.String TAG
    private static final int INVALID_POINTER
    435:435:public boolean isFillViewport()
    457:457:public boolean isSmoothScrollingEnabled()
android.support.v4.widget.PopupMenuCompat
android.support.v4.widget.PopupMenuCompat$BasePopupMenuImpl
android.support.v4.widget.PopupMenuCompat$KitKatPopupMenuImpl
android.support.v4.widget.PopupMenuCompat$PopupMenuImpl
android.support.v4.widget.PopupMenuCompatKitKat
android.support.v4.widget.PopupWindowCompat:
    184:186:private PopupWindowCompat()
    248:248:public static int getWindowLayoutType(android.widget.PopupWindow)
android.support.v4.widget.PopupWindowCompat$Api23PopupWindowImpl:
    163:163:public int getWindowLayoutType(android.widget.PopupWindow)